<?xml version="1.0" encoding="UTF-8"?>
<testsuite name="org.goforjava.db.DepartmentDBTest" tests="2" skipped="0" failures="0" errors="0" timestamp="2023-10-07T19:47:18" hostname="DESKTOP-AL604MQ" time="0.005">
  <properties/>
  <testcase name="shouldFindAll()" classname="org.goforjava.db.DepartmentDBTest" time="0.001"/>
  <testcase name="shouldFindDepartmentById()" classname="org.goforjava.db.DepartmentDBTest" time="0.001"/>
  <system-out><![CDATA[]]></system-out>
  <system-err><![CDATA[]]></system-err>
</testsuite>
